#Software: Microsoft Internet Information Services 10.0
#Version: 1.0
#Date: 2025-09-03 05:32:30
#Fields: date time s-ip cs-method cs-uri-stem cs-uri-query s-port cs-username c-ip cs(User-Agent) cs(Referer) sc-status sc-substatus sc-win32-status time-taken
2025-09-03 05:32:30 ::1 GET / - 8080 - ::1 Mozilla/5.0+(Windows+NT+10.0;+WOW64;+Trident/7.0;+Touch;+rv:11.0)+like+Gecko - 500 19 13 65
#Software: Microsoft Internet Information Services 10.0
#Version: 1.0
#Date: 2025-09-03 05:33:33
#Fields: date time s-ip cs-method cs-uri-stem cs-uri-query s-port cs-username c-ip cs(User-Agent) cs(Referer) sc-status sc-substatus sc-win32-status time-taken
2025-09-03 05:33:33 ::1 GET / - 5027 - ::1 Mozilla/5.0+(Windows+NT+10.0;+WOW64;+Trident/7.0;+Touch;+rv:11.0)+like+Gecko - 500 19 13 2
#Software: Microsoft Internet Information Services 10.0
#Version: 1.0
#Date: 2025-09-03 05:34:25
#Fields: date time s-ip cs-method cs-uri-stem cs-uri-query s-port cs-username c-ip cs(User-Agent) cs(Referer) sc-status sc-substatus sc-win32-status time-taken
2025-09-03 05:34:25 ::1 GET / - 8080 - ::1 Mozilla/5.0+(Windows+NT+10.0;+WOW64;+Trident/7.0;+Touch;+rv:11.0)+like+Gecko - 500 19 13 2
#Software: Microsoft Internet Information Services 10.0
#Version: 1.0
#Date: 2025-09-03 05:42:15
#Fields: date time s-ip cs-method cs-uri-stem cs-uri-query s-port cs-username c-ip cs(User-Agent) cs(Referer) sc-status sc-substatus sc-win32-status time-taken
2025-09-03 05:42:15 ::1 GET / - 8080 - ::1 Mozilla/5.0+(Windows+NT+10.0;+WOW64;+Trident/7.0;+Touch;+rv:11.0)+like+Gecko - 500 19 13 61
#Software: Microsoft Internet Information Services 10.0
#Version: 1.0
#Date: 2025-09-03 05:42:47
#Fields: date time s-ip cs-method cs-uri-stem cs-uri-query s-port cs-username c-ip cs(User-Agent) cs(Referer) sc-status sc-substatus sc-win32-status time-taken
2025-09-03 05:42:47 ::1 GET / - 5027 - ::1 Mozilla/5.0+(Windows+NT+10.0;+WOW64;+Trident/7.0;+Touch;+rv:11.0)+like+Gecko - 500 19 13 2
2025-09-03 05:42:56 ::1 GET / - 5027 - ::1 Mozilla/5.0+(Windows+NT+10.0;+WOW64;+Trident/7.0;+Touch;+rv:11.0)+like+Gecko - 500 19 13 2
#Software: Microsoft Internet Information Services 10.0
#Version: 1.0
#Date: 2025-09-03 05:44:15
#Fields: date time s-ip cs-method cs-uri-stem cs-uri-query s-port cs-username c-ip cs(User-Agent) cs(Referer) sc-status sc-substatus sc-win32-status time-taken
2025-09-03 05:44:15 ::1 GET / - 8080 - ::1 Mozilla/5.0+(Windows+NT+10.0;+WOW64;+Trident/7.0;+Touch;+rv:11.0)+like+Gecko - 500 19 13 2
2025-09-03 05:48:12 ::1 GET / - 8080 - ::1 Mozilla/5.0+(Windows+NT+10.0;+WOW64;+Trident/7.0;+Touch;+rv:11.0)+like+Gecko - 500 19 13 1
2025-09-03 05:48:16 ::1 GET / - 8080 - ::1 Mozilla/5.0+(Windows+NT+10.0;+WOW64;+Trident/7.0;+Touch;+rv:11.0)+like+Gecko - 500 19 13 0
2025-09-03 05:48:16 ::1 GET / - 8080 - ::1 Mozilla/5.0+(Windows+NT+10.0;+WOW64;+Trident/7.0;+Touch;+rv:11.0)+like+Gecko - 500 19 13 0
#Software: Microsoft Internet Information Services 10.0
#Version: 1.0
#Date: 2025-09-03 05:55:51
#Fields: date time s-ip cs-method cs-uri-stem cs-uri-query s-port cs-username c-ip cs(User-Agent) cs(Referer) sc-status sc-substatus sc-win32-status time-taken
2025-09-03 05:55:51 ::1 GET / - 8080 - ::1 Mozilla/5.0+(Windows+NT+10.0;+WOW64;+Trident/7.0;+rv:11.0)+like+Gecko - 200 0 0 763
2025-09-03 05:55:51 ::1 GET /favicon.ico - 8080 - ::1 Mozilla/5.0+(Windows+NT+10.0;+WOW64;+Trident/7.0;+rv:11.0)+like+Gecko - 404 0 0 4
